<LogMessage time="2016-08-12 11:23:08.113" source="Diagnostics.Logging.Applet.SingleFileLoggingMethod" logname="ESP301.Log" thread="" severity="Info"><![CDATA[Logging device for ESP301.Log opened for ESP301 version 1.0.0.0.  Instance name = , Instance version = ]]></LogMessage>
<LogMessage time="2016-08-12 11:23:08.102" source="Diagnostics.Logging.Applet.SingleFileLoggingMethod" logname="ESP301.Log" thread="" severity="Info"><![CDATA[Log ESP301.Log opened for ESP301 version 1.0.0.0.  Instance name = , Instance version = ]]></LogMessage>
<LogMessage time="2016-08-12 11:23:08.119" source="Diagnostics.Logging.Applet.SingleFileLoggingMethod" logname="ESP301.Log" thread="" severity="Info"><![CDATA[Log ESP301.Log is logging at level 4]]></LogMessage>
<LogMessage time="2016-08-12 11:23:08.122" source="Diagnostics.Logging.Applet.SingleFileLoggingMethod" logname="ESP301.Log" thread="" severity="Info"><![CDATA[Log ESP301.Log is logging at level 0]]></LogMessage>
<LogMessage time="2016-08-12 11:23:08.123" source="" logname="ESP301.Log" thread="" severity="Info"><![CDATA[Load Configuration : Successful.]]></LogMessage>
<LogMessage time="2016-08-12 11:23:08.125" source="" logname="ESP301.Log" thread="" severity="Info"><![CDATA[ESP301 Log Initialize]]></LogMessage>
<LogMessage time="2016-08-12 11:23:08.482" source="CommandInterface" logname="ESP301.Log" thread="" severity="Trace"><![CDATA[Command Sent to the Instrument:  VE => Response to command: ESP301 Version 1.1.1]]></LogMessage>
<LogMessage time="2016-08-12 11:23:08.498" source="CommandInterface" logname="ESP301.Log" thread="" severity="Trace"><![CDATA[Command Sent to the Instrument:  1MO => Response to command: 1]]></LogMessage>
<LogMessage time="2016-08-12 11:23:08.502" source="CommandInterface" logname="ESP301.Log" thread="" severity="Trace"><![CDATA[Command Sent to the Instrument:  TS => Response to command: P]]></LogMessage>
<LogMessage time="2016-08-12 11:23:08.512" source="CommandInterface" logname="ESP301.Log" thread="" severity="Trace"><![CDATA[Command Sent to the Instrument:  1TP => Response to command: 0.00000]]></LogMessage>
<LogMessage time="2016-08-12 11:23:08.512" source="" logname="ESP301.Log" thread="" severity="Info"><![CDATA[Registration and communication with instrument successful]]></LogMessage>
<LogMessage time="2016-08-12 11:23:08.542" source="CommandInterface" logname="ESP301.Log" thread="" severity="Trace"><![CDATA[Command Sent to the Instrument:  1SL => Response to command: 0.00000]]></LogMessage>
<LogMessage time="2016-08-12 11:23:08.546" source="CommandInterface" logname="ESP301.Log" thread="" severity="Trace"><![CDATA[Command Sent to the Instrument:  1SR => Response to command: 25.00000]]></LogMessage>
<LogMessage time="2016-08-12 11:23:08.553" source="CommandInterface" logname="ESP301.Log" thread="" severity="Trace"><![CDATA[Command Sent to the Instrument:  1VA => Response to command: 0.250000]]></LogMessage>
<LogMessage time="2016-08-12 11:23:08.558" source="CommandInterface" logname="ESP301.Log" thread="" severity="Trace"><![CDATA[Command Sent to the Instrument:  1VU => Response to command: 2.00000]]></LogMessage>
<LogMessage time="2016-08-12 11:23:08.640" source="CommandInterface" logname="ESP301.Log" thread="" severity="Trace"><![CDATA[Command Sent to the Instrument:  LC => Response to command: 0]]></LogMessage>
<LogMessage time="2016-08-12 11:23:08.757" source="CommandInterface" logname="ESP301.Log" thread="" severity="Trace"><![CDATA[Command Sent to the Instrument:  1MO => Response to command: 1]]></LogMessage>
<LogMessage time="2016-08-12 11:23:08.760" source="CommandInterface" logname="ESP301.Log" thread="" severity="Trace"><![CDATA[Command Sent to the Instrument:  TS => Response to command: P]]></LogMessage>
<LogMessage time="2016-08-12 11:23:08.783" source="CommandInterface" logname="ESP301.Log" thread="" severity="Trace"><![CDATA[Command Sent to the Instrument:  1TP => Response to command: 0.00000]]></LogMessage>
<LogMessage time="2016-08-12 11:23:08.989" source="CommandInterface" logname="ESP301.Log" thread="" severity="Trace"><![CDATA[Command Sent to the Instrument:  LC => Response to command: 0]]></LogMessage>
<LogMessage time="2016-08-12 11:23:08.993" source="CommandInterface" logname="ESP301.Log" thread="" severity="Trace"><![CDATA[Command Sent to the Instrument:  1MO => Response to command: 1]]></LogMessage>
<LogMessage time="2016-08-12 11:23:08.996" source="CommandInterface" logname="ESP301.Log" thread="" severity="Trace"><![CDATA[Command Sent to the Instrument:  TS => Response to command: P]]></LogMessage>
<LogMessage time="2016-08-12 11:23:08.999" source="CommandInterface" logname="ESP301.Log" thread="" severity="Trace"><![CDATA[Command Sent to the Instrument:  1TP => Response to command: 0.00000]]></LogMessage>
<LogMessage time="2016-08-12 11:23:09.201" source="CommandInterface" logname="ESP301.Log" thread="" severity="Trace"><![CDATA[Command Sent to the Instrument:  LC => Response to command: 0]]></LogMessage>
<LogMessage time="2016-08-12 11:23:09.204" source="CommandInterface" logname="ESP301.Log" thread="" severity="Trace"><![CDATA[Command Sent to the Instrument:  1MO => Response to command: 1]]></LogMessage>
<LogMessage time="2016-08-12 11:23:09.206" source="CommandInterface" logname="ESP301.Log" thread="" severity="Trace"><![CDATA[Command Sent to the Instrument:  TS => Response to command: P]]></LogMessage>
<LogMessage time="2016-08-12 11:23:09.209" source="CommandInterface" logname="ESP301.Log" thread="" severity="Trace"><![CDATA[Command Sent to the Instrument:  1TP => Response to command: 0.00000]]></LogMessage>
<LogMessage time="2016-08-12 11:23:09.411" source="CommandInterface" logname="ESP301.Log" thread="" severity="Trace"><![CDATA[Command Sent to the Instrument:  LC => Response to command: 0]]></LogMessage>
<LogMessage time="2016-08-12 11:23:09.415" source="CommandInterface" logname="ESP301.Log" thread="" severity="Trace"><![CDATA[Command Sent to the Instrument:  1MO => Response to command: 1]]></LogMessage>
<LogMessage time="2016-08-12 11:23:09.418" source="CommandInterface" logname="ESP301.Log" thread="" severity="Trace"><![CDATA[Command Sent to the Instrument:  TS => Response to command: P]]></LogMessage>
<LogMessage time="2016-08-12 11:23:09.421" source="CommandInterface" logname="ESP301.Log" thread="" severity="Trace"><![CDATA[Command Sent to the Instrument:  1TP => Response to command: 0.00000]]></LogMessage>
<LogMessage time="2016-08-12 11:23:09.623" source="CommandInterface" logname="ESP301.Log" thread="" severity="Trace"><![CDATA[Command Sent to the Instrument:  LC => Response to command: 0]]></LogMessage>
<LogMessage time="2016-08-12 11:23:09.627" source="CommandInterface" logname="ESP301.Log" thread="" severity="Trace"><![CDATA[Command Sent to the Instrument:  1MO => Response to command: 1]]></LogMessage>
<LogMessage time="2016-08-12 11:23:09.630" source="CommandInterface" logname="ESP301.Log" thread="" severity="Trace"><![CDATA[Command Sent to the Instrument:  TS => Response to command: P]]></LogMessage>
<LogMessage time="2016-08-12 11:23:09.633" source="CommandInterface" logname="ESP301.Log" thread="" severity="Trace"><![CDATA[Command Sent to the Instrument:  1TP => Response to command: 0.00000]]></LogMessage>
<LogMessage time="2016-08-12 11:23:09.815" source="" logname="ESP301.Log" thread="" severity="Error"><![CDATA["Exception occured in polling. "Thread was being aborted.]]></LogMessage>
<LogMessage time="2016-08-12 11:23:10.015" source="" logname="ESP301.Log" thread="" severity="Error"><![CDATA[Exception occured in poll Thread was being aborted.]]></LogMessage>
<LogMessage time="2016-08-12 11:34:02.861" source="" logname="ESP301.Log" thread="" severity="Info"><![CDATA[Configuration Save : Successful.Load Configuration : Successful.]]></LogMessage>
