<LogMessage time="2016-08-12 11:21:15.816" source="Diagnostics.Logging.Applet.SingleFileLoggingMethod" logname="ESP301.Log" thread="" severity="Info"><![CDATA[Logging device for ESP301.Log opened for ESP301 version 1.0.0.0.  Instance name = , Instance version = ]]></LogMessage>
<LogMessage time="2016-08-12 11:21:15.804" source="Diagnostics.Logging.Applet.SingleFileLoggingMethod" logname="ESP301.Log" thread="" severity="Info"><![CDATA[Log ESP301.Log opened for ESP301 version 1.0.0.0.  Instance name = , Instance version = ]]></LogMessage>
<LogMessage time="2016-08-12 11:21:15.821" source="Diagnostics.Logging.Applet.SingleFileLoggingMethod" logname="ESP301.Log" thread="" severity="Info"><![CDATA[Log ESP301.Log is logging at level 4]]></LogMessage>
<LogMessage time="2016-08-12 11:21:15.824" source="Diagnostics.Logging.Applet.SingleFileLoggingMethod" logname="ESP301.Log" thread="" severity="Info"><![CDATA[Log ESP301.Log is logging at level 0]]></LogMessage>
<LogMessage time="2016-08-12 11:21:15.825" source="" logname="ESP301.Log" thread="" severity="Info"><![CDATA[Load Configuration : Successful.]]></LogMessage>
<LogMessage time="2016-08-12 11:21:15.827" source="" logname="ESP301.Log" thread="" severity="Info"><![CDATA[ESP301 Log Initialize]]></LogMessage>
<LogMessage time="2016-08-12 11:21:16.150" source="CommandInterface" logname="ESP301.Log" thread="" severity="Trace"><![CDATA[Command Sent to the Instrument:  VE => Response to command: ESP301 Version 1.1.1]]></LogMessage>
<LogMessage time="2016-08-12 11:21:16.164" source="CommandInterface" logname="ESP301.Log" thread="" severity="Trace"><![CDATA[Command Sent to the Instrument:  1MO => Response to command: 1]]></LogMessage>
<LogMessage time="2016-08-12 11:21:16.168" source="CommandInterface" logname="ESP301.Log" thread="" severity="Trace"><![CDATA[Command Sent to the Instrument:  TS => Response to command: P]]></LogMessage>
<LogMessage time="2016-08-12 11:21:16.184" source="CommandInterface" logname="ESP301.Log" thread="" severity="Trace"><![CDATA[Command Sent to the Instrument:  1TP => Response to command: 0.00000]]></LogMessage>
<LogMessage time="2016-08-12 11:21:16.184" source="" logname="ESP301.Log" thread="" severity="Info"><![CDATA[Registration and communication with instrument successful]]></LogMessage>
<LogMessage time="2016-08-12 11:21:16.216" source="CommandInterface" logname="ESP301.Log" thread="" severity="Trace"><![CDATA[Command Sent to the Instrument:  1SL => Response to command: 0.00000]]></LogMessage>
<LogMessage time="2016-08-12 11:21:16.221" source="CommandInterface" logname="ESP301.Log" thread="" severity="Trace"><![CDATA[Command Sent to the Instrument:  1SR => Response to command: 25.00000]]></LogMessage>
<LogMessage time="2016-08-12 11:21:16.228" source="CommandInterface" logname="ESP301.Log" thread="" severity="Trace"><![CDATA[Command Sent to the Instrument:  1VA => Response to command: 0.250000]]></LogMessage>
<LogMessage time="2016-08-12 11:21:16.233" source="CommandInterface" logname="ESP301.Log" thread="" severity="Trace"><![CDATA[Command Sent to the Instrument:  1VU => Response to command: 2.00000]]></LogMessage>
<LogMessage time="2016-08-12 11:21:16.358" source="CommandInterface" logname="ESP301.Log" thread="" severity="Trace"><![CDATA[Command Sent to the Instrument:  LC => Response to command: 0]]></LogMessage>
<LogMessage time="2016-08-12 11:21:16.475" source="CommandInterface" logname="ESP301.Log" thread="" severity="Trace"><![CDATA[Command Sent to the Instrument:  1MO => Response to command: 1]]></LogMessage>
<LogMessage time="2016-08-12 11:21:16.477" source="CommandInterface" logname="ESP301.Log" thread="" severity="Trace"><![CDATA[Command Sent to the Instrument:  TS => Response to command: P]]></LogMessage>
<LogMessage time="2016-08-12 11:21:16.507" source="CommandInterface" logname="ESP301.Log" thread="" severity="Trace"><![CDATA[Command Sent to the Instrument:  1TP => Response to command: 0.00000]]></LogMessage>
<LogMessage time="2016-08-12 11:21:16.713" source="CommandInterface" logname="ESP301.Log" thread="" severity="Trace"><![CDATA[Command Sent to the Instrument:  LC => Response to command: 0]]></LogMessage>
<LogMessage time="2016-08-12 11:21:16.717" source="CommandInterface" logname="ESP301.Log" thread="" severity="Trace"><![CDATA[Command Sent to the Instrument:  1MO => Response to command: 1]]></LogMessage>
<LogMessage time="2016-08-12 11:21:16.720" source="CommandInterface" logname="ESP301.Log" thread="" severity="Trace"><![CDATA[Command Sent to the Instrument:  TS => Response to command: P]]></LogMessage>
<LogMessage time="2016-08-12 11:21:16.723" source="CommandInterface" logname="ESP301.Log" thread="" severity="Trace"><![CDATA[Command Sent to the Instrument:  1TP => Response to command: 0.00000]]></LogMessage>
<LogMessage time="2016-08-12 11:21:16.925" source="CommandInterface" logname="ESP301.Log" thread="" severity="Trace"><![CDATA[Command Sent to the Instrument:  LC => Response to command: 0]]></LogMessage>
<LogMessage time="2016-08-12 11:21:16.929" source="CommandInterface" logname="ESP301.Log" thread="" severity="Trace"><![CDATA[Command Sent to the Instrument:  1MO => Response to command: 1]]></LogMessage>
<LogMessage time="2016-08-12 11:21:16.931" source="CommandInterface" logname="ESP301.Log" thread="" severity="Trace"><![CDATA[Command Sent to the Instrument:  TS => Response to command: P]]></LogMessage>
<LogMessage time="2016-08-12 11:21:16.934" source="CommandInterface" logname="ESP301.Log" thread="" severity="Trace"><![CDATA[Command Sent to the Instrument:  1TP => Response to command: 0.00000]]></LogMessage>
<LogMessage time="2016-08-12 11:21:17.136" source="CommandInterface" logname="ESP301.Log" thread="" severity="Trace"><![CDATA[Command Sent to the Instrument:  LC => Response to command: 0]]></LogMessage>
<LogMessage time="2016-08-12 11:21:17.140" source="CommandInterface" logname="ESP301.Log" thread="" severity="Trace"><![CDATA[Command Sent to the Instrument:  1MO => Response to command: 1]]></LogMessage>
<LogMessage time="2016-08-12 11:21:17.142" source="CommandInterface" logname="ESP301.Log" thread="" severity="Trace"><![CDATA[Command Sent to the Instrument:  TS => Response to command: P]]></LogMessage>
<LogMessage time="2016-08-12 11:21:17.145" source="CommandInterface" logname="ESP301.Log" thread="" severity="Trace"><![CDATA[Command Sent to the Instrument:  1TP => Response to command: 0.00000]]></LogMessage>
<LogMessage time="2016-08-12 11:21:17.347" source="CommandInterface" logname="ESP301.Log" thread="" severity="Trace"><![CDATA[Command Sent to the Instrument:  LC => Response to command: 0]]></LogMessage>
<LogMessage time="2016-08-12 11:21:17.351" source="CommandInterface" logname="ESP301.Log" thread="" severity="Trace"><![CDATA[Command Sent to the Instrument:  1MO => Response to command: 1]]></LogMessage>
<LogMessage time="2016-08-12 11:21:17.353" source="CommandInterface" logname="ESP301.Log" thread="" severity="Trace"><![CDATA[Command Sent to the Instrument:  TS => Response to command: P]]></LogMessage>
<LogMessage time="2016-08-12 11:21:17.356" source="CommandInterface" logname="ESP301.Log" thread="" severity="Trace"><![CDATA[Command Sent to the Instrument:  1TP => Response to command: 0.00000]]></LogMessage>
<LogMessage time="2016-08-12 11:21:17.558" source="CommandInterface" logname="ESP301.Log" thread="" severity="Trace"><![CDATA[Command Sent to the Instrument:  LC => Response to command: 0]]></LogMessage>
<LogMessage time="2016-08-12 11:21:17.562" source="CommandInterface" logname="ESP301.Log" thread="" severity="Trace"><![CDATA[Command Sent to the Instrument:  1MO => Response to command: 1]]></LogMessage>
<LogMessage time="2016-08-12 11:21:17.565" source="CommandInterface" logname="ESP301.Log" thread="" severity="Trace"><![CDATA[Command Sent to the Instrument:  TS => Response to command: P]]></LogMessage>
<LogMessage time="2016-08-12 11:21:17.568" source="CommandInterface" logname="ESP301.Log" thread="" severity="Trace"><![CDATA[Command Sent to the Instrument:  1TP => Response to command: 0.00000]]></LogMessage>
<LogMessage time="2016-08-12 11:21:17.770" source="CommandInterface" logname="ESP301.Log" thread="" severity="Trace"><![CDATA[Command Sent to the Instrument:  LC => Response to command: 0]]></LogMessage>
<LogMessage time="2016-08-12 11:21:17.774" source="CommandInterface" logname="ESP301.Log" thread="" severity="Trace"><![CDATA[Command Sent to the Instrument:  1MO => Response to command: 1]]></LogMessage>
<LogMessage time="2016-08-12 11:21:17.776" source="CommandInterface" logname="ESP301.Log" thread="" severity="Trace"><![CDATA[Command Sent to the Instrument:  TS => Response to command: P]]></LogMessage>
<LogMessage time="2016-08-12 11:21:17.779" source="CommandInterface" logname="ESP301.Log" thread="" severity="Trace"><![CDATA[Command Sent to the Instrument:  1TP => Response to command: 0.00000]]></LogMessage>
<LogMessage time="2016-08-12 11:21:17.981" source="CommandInterface" logname="ESP301.Log" thread="" severity="Trace"><![CDATA[Command Sent to the Instrument:  LC => Response to command: 0]]></LogMessage>
<LogMessage time="2016-08-12 11:21:17.985" source="CommandInterface" logname="ESP301.Log" thread="" severity="Trace"><![CDATA[Command Sent to the Instrument:  1MO => Response to command: 1]]></LogMessage>
<LogMessage time="2016-08-12 11:21:17.988" source="CommandInterface" logname="ESP301.Log" thread="" severity="Trace"><![CDATA[Command Sent to the Instrument:  TS => Response to command: P]]></LogMessage>
<LogMessage time="2016-08-12 11:21:17.991" source="CommandInterface" logname="ESP301.Log" thread="" severity="Trace"><![CDATA[Command Sent to the Instrument:  1TP => Response to command: 0.00000]]></LogMessage>
<LogMessage time="2016-08-12 11:21:18.193" source="CommandInterface" logname="ESP301.Log" thread="" severity="Trace"><![CDATA[Command Sent to the Instrument:  LC => Response to command: 0]]></LogMessage>
<LogMessage time="2016-08-12 11:21:18.197" source="CommandInterface" logname="ESP301.Log" thread="" severity="Trace"><![CDATA[Command Sent to the Instrument:  1MO => Response to command: 1]]></LogMessage>
<LogMessage time="2016-08-12 11:21:18.200" source="CommandInterface" logname="ESP301.Log" thread="" severity="Trace"><![CDATA[Command Sent to the Instrument:  TS => Response to command: P]]></LogMessage>
<LogMessage time="2016-08-12 11:21:18.203" source="CommandInterface" logname="ESP301.Log" thread="" severity="Trace"><![CDATA[Command Sent to the Instrument:  1TP => Response to command: 0.00000]]></LogMessage>
<LogMessage time="2016-08-12 11:21:18.405" source="CommandInterface" logname="ESP301.Log" thread="" severity="Trace"><![CDATA[Command Sent to the Instrument:  LC => Response to command: 0]]></LogMessage>
<LogMessage time="2016-08-12 11:21:18.409" source="CommandInterface" logname="ESP301.Log" thread="" severity="Trace"><![CDATA[Command Sent to the Instrument:  1MO => Response to command: 1]]></LogMessage>
<LogMessage time="2016-08-12 11:21:18.412" source="CommandInterface" logname="ESP301.Log" thread="" severity="Trace"><![CDATA[Command Sent to the Instrument:  TS => Response to command: P]]></LogMessage>
<LogMessage time="2016-08-12 11:21:18.415" source="CommandInterface" logname="ESP301.Log" thread="" severity="Trace"><![CDATA[Command Sent to the Instrument:  1TP => Response to command: 0.00000]]></LogMessage>
<LogMessage time="2016-08-12 11:21:18.617" source="CommandInterface" logname="ESP301.Log" thread="" severity="Trace"><![CDATA[Command Sent to the Instrument:  LC => Response to command: 0]]></LogMessage>
<LogMessage time="2016-08-12 11:21:18.621" source="CommandInterface" logname="ESP301.Log" thread="" severity="Trace"><![CDATA[Command Sent to the Instrument:  1MO => Response to command: 1]]></LogMessage>
<LogMessage time="2016-08-12 11:21:18.624" source="CommandInterface" logname="ESP301.Log" thread="" severity="Trace"><![CDATA[Command Sent to the Instrument:  TS => Response to command: P]]></LogMessage>
<LogMessage time="2016-08-12 11:21:18.627" source="CommandInterface" logname="ESP301.Log" thread="" severity="Trace"><![CDATA[Command Sent to the Instrument:  1TP => Response to command: 0.00000]]></LogMessage>
<LogMessage time="2016-08-12 11:21:18.829" source="CommandInterface" logname="ESP301.Log" thread="" severity="Trace"><![CDATA[Command Sent to the Instrument:  LC => Response to command: 0]]></LogMessage>
<LogMessage time="2016-08-12 11:21:18.833" source="CommandInterface" logname="ESP301.Log" thread="" severity="Trace"><![CDATA[Command Sent to the Instrument:  1MO => Response to command: 1]]></LogMessage>
<LogMessage time="2016-08-12 11:21:18.836" source="CommandInterface" logname="ESP301.Log" thread="" severity="Trace"><![CDATA[Command Sent to the Instrument:  TS => Response to command: P]]></LogMessage>
<LogMessage time="2016-08-12 11:21:18.839" source="CommandInterface" logname="ESP301.Log" thread="" severity="Trace"><![CDATA[Command Sent to the Instrument:  1TP => Response to command: 0.00000]]></LogMessage>
<LogMessage time="2016-08-12 11:21:19.041" source="CommandInterface" logname="ESP301.Log" thread="" severity="Trace"><![CDATA[Command Sent to the Instrument:  LC => Response to command: 0]]></LogMessage>
<LogMessage time="2016-08-12 11:21:19.045" source="CommandInterface" logname="ESP301.Log" thread="" severity="Trace"><![CDATA[Command Sent to the Instrument:  1MO => Response to command: 1]]></LogMessage>
<LogMessage time="2016-08-12 11:21:19.047" source="CommandInterface" logname="ESP301.Log" thread="" severity="Trace"><![CDATA[Command Sent to the Instrument:  TS => Response to command: P]]></LogMessage>
<LogMessage time="2016-08-12 11:21:19.050" source="CommandInterface" logname="ESP301.Log" thread="" severity="Trace"><![CDATA[Command Sent to the Instrument:  1TP => Response to command: 0.00000]]></LogMessage>
<LogMessage time="2016-08-12 11:21:19.252" source="CommandInterface" logname="ESP301.Log" thread="" severity="Trace"><![CDATA[Command Sent to the Instrument:  LC => Response to command: 0]]></LogMessage>
<LogMessage time="2016-08-12 11:21:19.256" source="CommandInterface" logname="ESP301.Log" thread="" severity="Trace"><![CDATA[Command Sent to the Instrument:  1MO => Response to command: 1]]></LogMessage>
<LogMessage time="2016-08-12 11:21:19.258" source="CommandInterface" logname="ESP301.Log" thread="" severity="Trace"><![CDATA[Command Sent to the Instrument:  TS => Response to command: P]]></LogMessage>
<LogMessage time="2016-08-12 11:21:19.261" source="CommandInterface" logname="ESP301.Log" thread="" severity="Trace"><![CDATA[Command Sent to the Instrument:  1TP => Response to command: 0.00000]]></LogMessage>
<LogMessage time="2016-08-12 11:21:19.463" source="CommandInterface" logname="ESP301.Log" thread="" severity="Trace"><![CDATA[Command Sent to the Instrument:  LC => Response to command: 0]]></LogMessage>
<LogMessage time="2016-08-12 11:21:19.467" source="CommandInterface" logname="ESP301.Log" thread="" severity="Trace"><![CDATA[Command Sent to the Instrument:  1MO => Response to command: 1]]></LogMessage>
<LogMessage time="2016-08-12 11:21:19.470" source="CommandInterface" logname="ESP301.Log" thread="" severity="Trace"><![CDATA[Command Sent to the Instrument:  TS => Response to command: P]]></LogMessage>
<LogMessage time="2016-08-12 11:21:19.473" source="CommandInterface" logname="ESP301.Log" thread="" severity="Trace"><![CDATA[Command Sent to the Instrument:  1TP => Response to command: 0.00000]]></LogMessage>
<LogMessage time="2016-08-12 11:21:19.675" source="CommandInterface" logname="ESP301.Log" thread="" severity="Trace"><![CDATA[Command Sent to the Instrument:  LC => Response to command: 0]]></LogMessage>
<LogMessage time="2016-08-12 11:21:19.679" source="CommandInterface" logname="ESP301.Log" thread="" severity="Trace"><![CDATA[Command Sent to the Instrument:  1MO => Response to command: 1]]></LogMessage>
<LogMessage time="2016-08-12 11:21:19.682" source="CommandInterface" logname="ESP301.Log" thread="" severity="Trace"><![CDATA[Command Sent to the Instrument:  TS => Response to command: P]]></LogMessage>
<LogMessage time="2016-08-12 11:21:19.685" source="CommandInterface" logname="ESP301.Log" thread="" severity="Trace"><![CDATA[Command Sent to the Instrument:  1TP => Response to command: 0.00000]]></LogMessage>
<LogMessage time="2016-08-12 11:21:19.887" source="CommandInterface" logname="ESP301.Log" thread="" severity="Trace"><![CDATA[Command Sent to the Instrument:  LC => Response to command: 0]]></LogMessage>
<LogMessage time="2016-08-12 11:21:19.891" source="CommandInterface" logname="ESP301.Log" thread="" severity="Trace"><![CDATA[Command Sent to the Instrument:  1MO => Response to command: 1]]></LogMessage>
<LogMessage time="2016-08-12 11:21:19.893" source="CommandInterface" logname="ESP301.Log" thread="" severity="Trace"><![CDATA[Command Sent to the Instrument:  TS => Response to command: P]]></LogMessage>
<LogMessage time="2016-08-12 11:21:19.896" source="CommandInterface" logname="ESP301.Log" thread="" severity="Trace"><![CDATA[Command Sent to the Instrument:  1TP => Response to command: 0.00000]]></LogMessage>
<LogMessage time="2016-08-12 11:21:20.098" source="CommandInterface" logname="ESP301.Log" thread="" severity="Trace"><![CDATA[Command Sent to the Instrument:  LC => Response to command: 0]]></LogMessage>
<LogMessage time="2016-08-12 11:21:20.102" source="CommandInterface" logname="ESP301.Log" thread="" severity="Trace"><![CDATA[Command Sent to the Instrument:  1MO => Response to command: 1]]></LogMessage>
<LogMessage time="2016-08-12 11:21:20.105" source="CommandInterface" logname="ESP301.Log" thread="" severity="Trace"><![CDATA[Command Sent to the Instrument:  TS => Response to command: P]]></LogMessage>
<LogMessage time="2016-08-12 11:21:20.108" source="CommandInterface" logname="ESP301.Log" thread="" severity="Trace"><![CDATA[Command Sent to the Instrument:  1TP => Response to command: 0.00000]]></LogMessage>
<LogMessage time="2016-08-12 11:21:20.205" source="" logname="ESP301.Log" thread="" severity="Error"><![CDATA["Exception occured in polling. "Thread was being aborted.]]></LogMessage>
<LogMessage time="2016-08-12 11:21:20.222" source="" logname="ESP301.Log" thread="" severity="Info"><![CDATA[Configuration Save : Successful.Load Configuration : Successful.]]></LogMessage>
